/home/users/efluet/.Renviron
R_LIBS=/home/groups/robertj2/R_libs
 - Running Rscript
Loading required package: iterators
Loading required package: parallel

Attaching package: ‘colorspace’

The following object is masked from ‘package:raster’:

    RGB

rgeos version: 0.4-3, (SVN revision 595)
 GEOS runtime version: 3.6.2-CAPI-1.10.2 
 Linking to sp version: 1.3-1 
 Polygon checking: TRUE 

here() starts at /home/groups/robertj2/upch4/scripts

Attaching package: ‘here’

The following object is masked from ‘package:lubridate’:

    here

Error in serialize(data, node$con, xdr = FALSE) : 
  error writing to connection
Calls: source ... postNode -> sendData -> sendData.SOCK0node -> serialize
Execution halted
run time is 7794 s
slurmstepd: error: Detected 1 oom-kill event(s) in step 9630951.batch cgroup. Some of your processes may have been killed by the cgroup out-of-memory handler.
